
2023-02-06 15:12:08...installerHook: Could not find custom/install/install_hooks.php
2023-02-06 15:12:14...installerHook: Could not find custom/install/install_hooks.php
2023-02-06 15:12:17...installerHook: Could not find custom/install/install_hooks.php
2023-02-06 15:12:20...Begin System Check Process *************
2023-02-06 15:12:20...XML Parsing Support Found
2023-02-06 15:12:20...MBString Support Found
2023-02-06 15:12:20...ZIP Support Found
2023-02-06 15:12:20.../custom directory and subdirectory check passed
2023-02-06 15:12:20...cache directory and subdirectory check passed
2023-02-06 15:12:22.../module  directory and subdirectory check passed
2023-02-06 15:12:22.../upload directory check passed
2023-02-06 15:12:22.../zip check passed
2023-02-06 15:12:22...PCRE version check passed
2023-02-06 15:12:22...installerHook: Could not find custom/install/install_hooks.php
2023-02-06 15:12:22...php.ini location found. C:\xampp\php\php.ini
2023-02-06 15:12:22...Outputting HTML for System check
2023-02-06 15:12:22...No Errors were found *************
2023-02-06 15:12:25...installerHook: Could not find custom/install/install_hooks.php
2023-02-06 15:12:27...installerHook: Could not find custom/install/install_hooks.php
2023-02-06 15:12:28...installerHook: Could not find custom/install/install_hooks.php
2023-02-06 15:12:39...Begin DB Check Process *************
2023-02-06 15:12:39...testing with mysql:mysqli
2023-02-06 15:12:39...Basic form info is valid, continuing Process.
2023-02-06 15:12:39...Testing user account...
2023-02-06 15:12:39...Connection made using  host: localhost, usr: root
2023-02-06 15:12:39...Testing priviliged account...
2023-02-06 15:12:39...Connection made using  host: localhost, usr: root
2023-02-06 15:12:39...DB not selected, will create sugarcrm
2023-02-06 15:12:39...Passed DB install check
2023-02-06 15:12:39...SUCCESS:: no errors detected!
2023-02-06 15:12:39...End DB Check Process *************
2023-02-06 15:12:40...installerHook: Could not find custom/install/install_hooks.php
2023-02-06 15:12:47...installerHook: Could not find custom/install/install_hooks.php
2023-02-06 15:12:53...installerHook: Could not find custom/install/install_hooks.php
2023-02-06 15:12:53...calling handleSugarConfig()
2023-02-06 15:12:53...calling handleLog4Php()
2023-02-06 15:12:53...calling handleHtaccess()
2023-02-06 15:12:53...calling handleDbCreateDatabase()
2023-02-06 15:12:53...looping through all the Beans and create their tables
2023-02-06 15:12:53...processing table acl_actions
2023-02-06 15:12:53...creating table acl_actions
2023-02-06 15:12:53...creating Relationship Meta for ACLAction
2023-02-06 15:12:53...processing table acl_roles
2023-02-06 15:12:53...creating table acl_roles
2023-02-06 15:12:53...creating Relationship Meta for ACLRole
2023-02-06 15:12:53...processing table relationships
2023-02-06 15:12:53...creating table relationships
2023-02-06 15:12:53...creating Relationship Meta for Relationship
2023-02-06 15:12:54...processing table leads
2023-02-06 15:12:54...creating table leads
2023-02-06 15:12:54...creating Relationship Meta for Lead
2023-02-06 15:12:54...processing table cases
2023-02-06 15:12:54...creating table cases
2023-02-06 15:12:54...creating Relationship Meta for Case
2023-02-06 15:12:54...processing table bugs
2023-02-06 15:12:54...creating table bugs
2023-02-06 15:12:54...creating Relationship Meta for Bug
2023-02-06 15:12:54...processing table users
2023-02-06 15:12:54...creating table users
2023-02-06 15:12:54...creating Relationship Meta for User
2023-02-06 15:12:54...processing table campaign_log
2023-02-06 15:12:54...creating table campaign_log
2023-02-06 15:12:54...creating Relationship Meta for CampaignLog
2023-02-06 15:12:54...processing table project
2023-02-06 15:12:54...creating table project
2023-02-06 15:12:54...creating Relationship Meta for Project
2023-02-06 15:12:54...processing table project_task
2023-02-06 15:12:54...creating table project_task
2023-02-06 15:12:54...creating Relationship Meta for ProjectTask
2023-02-06 15:12:54...processing table campaigns
2023-02-06 15:12:54...creating table campaigns
2023-02-06 15:12:54...creating Relationship Meta for Campaign
2023-02-06 15:12:54...processing table prospect_lists
2023-02-06 15:12:54...creating table prospect_lists
2023-02-06 15:12:54...creating Relationship Meta for ProspectList
2023-02-06 15:12:54...processing table prospects
2023-02-06 15:12:54...creating table prospects
2023-02-06 15:12:54...creating Relationship Meta for Prospect
2023-02-06 15:12:55...processing table email_marketing
2023-02-06 15:12:55...creating table email_marketing
2023-02-06 15:12:55...creating Relationship Meta for EmailMarketing
2023-02-06 15:12:55...processing table campaign_trkrs
2023-02-06 15:12:55...creating table campaign_trkrs
2023-02-06 15:12:55...creating Relationship Meta for CampaignTracker
2023-02-06 15:12:55...processing table releases
2023-02-06 15:12:55...creating table releases
2023-02-06 15:12:55...creating Relationship Meta for Release
2023-02-06 15:12:55...processing table emailman
2023-02-06 15:12:55...creating table emailman
2023-02-06 15:12:55...creating Relationship Meta for EmailMan
2023-02-06 15:12:55...processing table schedulers
2023-02-06 15:12:55...creating table schedulers
2023-02-06 15:12:55...creating Relationship Meta for Scheduler
2023-02-06 15:12:55...processing table job_queue
2023-02-06 15:12:55...creating table job_queue
2023-02-06 15:12:55...creating Relationship Meta for SchedulersJob
2023-02-06 15:12:55...processing table contacts
2023-02-06 15:12:55...creating table contacts
2023-02-06 15:12:55...creating Relationship Meta for Contact
2023-02-06 15:12:55...processing table accounts
2023-02-06 15:12:55...creating table accounts
2023-02-06 15:12:55...creating Relationship Meta for Account
2023-02-06 15:12:55...processing table opportunities
2023-02-06 15:12:55...creating table opportunities
2023-02-06 15:12:55...creating Relationship Meta for Opportunity
2023-02-06 15:12:55...processing table email_templates
2023-02-06 15:12:55...creating table email_templates
2023-02-06 15:12:55...creating Relationship Meta for EmailTemplate
2023-02-06 15:12:55...processing table notes
2023-02-06 15:12:55...creating table notes
2023-02-06 15:12:55...creating Relationship Meta for Note
2023-02-06 15:12:55...processing table calls
2023-02-06 15:12:56...creating table calls
2023-02-06 15:12:56...creating Relationship Meta for Call
2023-02-06 15:12:56...processing table emails
2023-02-06 15:12:56...creating table emails
2023-02-06 15:12:56...creating Relationship Meta for Email
2023-02-06 15:12:56...processing table meetings
2023-02-06 15:12:56...creating table meetings
2023-02-06 15:12:56...creating Relationship Meta for Meeting
2023-02-06 15:12:56...processing table tasks
2023-02-06 15:12:56...creating table tasks
2023-02-06 15:12:56...creating Relationship Meta for Task
2023-02-06 15:12:56...processing table users
2023-02-06 15:12:56...processing table users
2023-02-06 15:12:56...processing table currencies
2023-02-06 15:12:56...creating table currencies
2023-02-06 15:12:56...creating Relationship Meta for Currency
2023-02-06 15:12:56...processing table tracker
2023-02-06 15:12:56...creating table tracker
2023-02-06 15:12:56...creating Relationship Meta for Tracker
2023-02-06 15:12:56...processing table import_maps
2023-02-06 15:12:56...creating table import_maps
2023-02-06 15:12:56...creating Relationship Meta for ImportMap
2023-02-06 15:12:56...processing table users_last_import
2023-02-06 15:12:56...creating table users_last_import
2023-02-06 15:12:56...creating Relationship Meta for UsersLastImport
2023-02-06 15:12:56...processing table config
2023-02-06 15:12:56...creating table config
2023-02-06 15:12:56...creating Relationship Meta for Administration
2023-02-06 15:12:56...processing table upgrade_history
2023-02-06 15:12:56...creating table upgrade_history
2023-02-06 15:12:56...creating Relationship Meta for UpgradeHistory
2023-02-06 15:12:56...processing table vcals
2023-02-06 15:12:56...creating table vcals
2023-02-06 15:12:56...creating Relationship Meta for vCal
2023-02-06 15:12:56...processing table versions
2023-02-06 15:12:56...creating table versions
2023-02-06 15:12:56...creating Relationship Meta for Version
2023-02-06 15:12:56...processing table roles
2023-02-06 15:12:56...creating table roles
2023-02-06 15:12:56...creating Relationship Meta for Role
2023-02-06 15:12:56...processing table documents
2023-02-06 15:12:56...creating table documents
2023-02-06 15:12:56...creating Relationship Meta for Document
2023-02-06 15:12:56...processing table document_revisions
2023-02-06 15:12:56...creating table document_revisions
2023-02-06 15:12:56...creating Relationship Meta for DocumentRevision
2023-02-06 15:12:56...processing table fields_meta_data
2023-02-06 15:12:56...creating table fields_meta_data
2023-02-06 15:12:56...creating Relationship Meta for FieldsMetaData
2023-02-06 15:12:57...processing table inbound_email
2023-02-06 15:12:57...creating table inbound_email
2023-02-06 15:12:57...creating Relationship Meta for InboundEmail
2023-02-06 15:12:57...processing table saved_search
2023-02-06 15:12:57...creating table saved_search
2023-02-06 15:12:57...creating Relationship Meta for SavedSearch
2023-02-06 15:12:57...processing table user_preferences
2023-02-06 15:12:57...creating table user_preferences
2023-02-06 15:12:57...creating Relationship Meta for UserPreference
2023-02-06 15:12:57...processing table 
2023-02-06 15:12:57...processing table email_addresses
2023-02-06 15:12:57...creating table email_addresses
2023-02-06 15:12:57...creating Relationship Meta for EmailAddress
2023-02-06 15:12:57...processing table emails_text
2023-02-06 15:12:57...creating table emails_text
2023-02-06 15:12:57...creating Relationship Meta for EmailText
2023-02-06 15:12:57...processing table sugarfeed
2023-02-06 15:12:57...creating table sugarfeed
2023-02-06 15:12:57...creating Relationship Meta for SugarFeed
2023-02-06 15:12:57...processing table eapm
2023-02-06 15:12:57...creating table eapm
2023-02-06 15:12:57...creating Relationship Meta for EAPM
2023-02-06 15:12:57...processing table oauth_consumer
2023-02-06 15:12:57...creating table oauth_consumer
2023-02-06 15:12:57...creating Relationship Meta for OAuthKey
2023-02-06 15:12:57...processing table oauth_tokens
2023-02-06 15:12:57...creating table oauth_tokens
2023-02-06 15:12:57...creating Relationship Meta for OAuthToken
2023-02-06 15:12:58...Begin creating Defaults
2023-02-06 15:12:58...insert defaults into config table
2023-02-06 15:12:58...Creating default users
2023-02-06 15:12:58...Creating default scheduler jobs
2023-02-06 15:12:58...Enable SugarFeeds
2023-02-06 15:12:59...Enable InsideView Connector
2023-02-06 15:12:59...Creating FTS logic hook
2023-02-06 15:12:59...populating the db with seed data
2023-02-06 15:13:15...Installation has completed *********
2023-02-06 15:13:35...installerHook: Could not find custom/install/install_hooks.php